2024-01-18 16:44:44,548 [background-preinit] INFO  o.h.validator.internal.util.Version                - HV000001: Hibernate Validator 8.0.1.Final
2024-01-18 16:44:44,581 [main] INFO  com.shopapp.ShopappApplication                     - Starting ShopappApplication using Java 17.0.8 with PID 12200 (D:\ShopAppSpringboot\shopapp-backend\shopapp\target\classes started by phamn in D:\ShopAppSpringboot\shopapp-backend\shopapp)
2024-01-18 16:44:44,582 [main] INFO  com.shopapp.ShopappApplication                     - No active profile set, falling back to 1 default profile: "default"
2024-01-18 16:44:45,242 [main] INFO  o.s.d.r.c.RepositoryConfigurationDelegate          - Bootstrapping Spring Data JPA repositories in DEFAULT mode.
2024-01-18 16:44:45,312 [main] INFO  o.s.d.r.c.RepositoryConfigurationDelegate          - Finished Spring Data repository scanning in 63 ms. Found 9 JPA repository interfaces.
2024-01-18 16:44:45,758 [main] INFO  o.s.b.w.embedded.tomcat.TomcatWebServer            - Tomcat initialized with port 8080 (http)
2024-01-18 16:44:45,765 [main] INFO  o.apache.coyote.http11.Http11NioProtocol           - Initializing ProtocolHandler ["http-nio-8080"]
2024-01-18 16:44:45,766 [main] INFO  o.apache.catalina.core.StandardService             - Starting service [Tomcat]
2024-01-18 16:44:45,766 [main] INFO  org.apache.catalina.core.StandardEngine            - Starting Servlet engine: [Apache Tomcat/10.1.16]
2024-01-18 16:44:45,813 [main] INFO  o.a.c.c.C.[Tomcat].[localhost].[/]                 - Initializing Spring embedded WebApplicationContext
2024-01-18 16:44:45,814 [main] INFO  o.s.b.w.s.c.ServletWebServerApplicationContext     - Root WebApplicationContext: initialization completed in 1198 ms
2024-01-18 16:44:45,905 [main] INFO  o.hibernate.jpa.internal.util.LogHelper            - HHH000204: Processing PersistenceUnitInfo [name: default]
2024-01-18 16:44:45,958 [main] INFO  org.hibernate.Version                              - HHH000412: Hibernate ORM core version 6.3.1.Final
2024-01-18 16:44:45,996 [main] INFO  o.h.c.internal.RegionFactoryInitiator              - HHH000026: Second-level cache disabled
2024-01-18 16:44:46,201 [main] INFO  o.s.o.j.p.SpringPersistenceUnitInfo                - No LoadTimeWeaver setup: ignoring JPA class transformer
2024-01-18 16:44:46,222 [main] INFO  com.zaxxer.hikari.HikariDataSource                 - HikariPool-1 - Starting...
2024-01-18 16:44:46,321 [main] INFO  com.zaxxer.hikari.pool.HikariPool                  - HikariPool-1 - Added connection com.mysql.cj.jdbc.ConnectionImpl@2d47b06
2024-01-18 16:44:46,322 [main] INFO  com.zaxxer.hikari.HikariDataSource                 - HikariPool-1 - Start completed.
2024-01-18 16:44:46,341 [main] WARN  org.hibernate.orm.deprecation                      - HHH90000025: MySQL8Dialect does not need to be specified explicitly using 'hibernate.dialect' (remove the property setting and it will be selected by default)
2024-01-18 16:44:46,342 [main] WARN  org.hibernate.orm.deprecation                      - HHH90000026: MySQL8Dialect has been deprecated; use org.hibernate.dialect.MySQLDialect instead
2024-01-18 16:44:47,261 [main] INFO  o.h.e.t.j.p.i.JtaPlatformInitiator                 - HHH000489: No JTA platform available (set 'hibernate.transaction.jta.platform' to enable JTA platform integration)
2024-01-18 16:44:47,263 [main] INFO  o.s.o.j.LocalContainerEntityManagerFactoryBean     - Initialized JPA EntityManagerFactory for persistence unit 'default'
2024-01-18 16:44:47,525 [main] WARN  o.s.b.a.o.j.JpaBaseConfiguration$JpaWebConfiguration - spring.jpa.open-in-view is enabled by default. Therefore, database queries may be performed during view rendering. Explicitly configure spring.jpa.open-in-view to disable this warning
2024-01-18 16:44:47,631 [main] INFO  o.s.d.j.r.query.QueryEnhancerFactory               - Hibernate is in classpath; If applicable, HQL parser will be used.
2024-01-18 16:44:48,266 [main] INFO  o.s.s.web.DefaultSecurityFilterChain               - Will secure any request with [org.springframework.security.web.session.DisableEncodeUrlFilter@38328799, org.springframework.security.web.context.request.async.WebAsyncManagerIntegrationFilter@f777d41, org.springframework.security.web.context.SecurityContextHolderFilter@64176780, org.springframework.security.web.header.HeaderWriterFilter@606cb314, org.springframework.web.filter.CorsFilter@2a0a5865, org.springframework.security.web.authentication.logout.LogoutFilter@1923a29a, com.shopapp.filter.JwtTokenFilter@6e627ab8, org.springframework.security.web.savedrequest.RequestCacheAwareFilter@6573b345, org.springframework.security.web.servletapi.SecurityContextHolderAwareRequestFilter@5c085d4a, org.springframework.security.web.authentication.AnonymousAuthenticationFilter@3f92977a, org.springframework.security.web.access.ExceptionTranslationFilter@3d2162c5, org.springframework.security.web.access.intercept.AuthorizationFilter@77480751]
2024-01-18 16:44:48,497 [main] INFO  o.apache.coyote.http11.Http11NioProtocol           - Starting ProtocolHandler ["http-nio-8080"]
2024-01-18 16:44:48,512 [main] INFO  o.s.b.w.embedded.tomcat.TomcatWebServer            - Tomcat started on port 8080 (http) with context path ''
2024-01-18 16:44:48,517 [main] INFO  com.shopapp.ShopappApplication                     - Started ShopappApplication in 4.28 seconds (process running for 5.147)
2024-01-18 16:44:54,649 [http-nio-8080-exec-3] INFO  o.a.c.c.C.[Tomcat].[localhost].[/]                 - Initializing Spring DispatcherServlet 'dispatcherServlet'
2024-01-18 16:44:54,650 [http-nio-8080-exec-3] INFO  o.s.web.servlet.DispatcherServlet                  - Initializing Servlet 'dispatcherServlet'
2024-01-18 16:44:54,651 [http-nio-8080-exec-3] INFO  o.s.web.servlet.DispatcherServlet                  - Completed initialization in 0 ms
2024-01-18 16:44:54,664 [http-nio-8080-exec-3] WARN  o.s.w.s.h.HandlerMappingIntrospector               - Cache miss for REQUEST dispatch to '/api/v1/products' (previous null). Performing MatchableHandlerMapping lookup. This is logged once only at WARN level, and every time at TRACE.
2024-01-18 16:44:54,762 [http-nio-8080-exec-3] INFO  c.shopapp.controller.ProductController             - keyword = 
2024-01-18 16:45:53,461 [SpringApplicationShutdownHook] INFO  o.s.o.j.LocalContainerEntityManagerFactoryBean     - Closing JPA EntityManagerFactory for persistence unit 'default'
2024-01-18 16:45:53,462 [SpringApplicationShutdownHook] INFO  com.zaxxer.hikari.HikariDataSource                 - HikariPool-1 - Shutdown initiated...
2024-01-18 16:45:53,468 [SpringApplicationShutdownHook] INFO  com.zaxxer.hikari.HikariDataSource                 - HikariPool-1 - Shutdown completed.
